This file contains any messages produced by compilers while
running configure, to aid debugging if configure makes a mistake.

It was created by cuRobby configure 0.1, which was
generated by GNU Autoconf 2.69.  Invocation command line was

  $ ./configure 

## --------- ##
## Platform. ##
## --------- ##

hostname = yogi
uname -m = x86_64
uname -r = 4.18.0-13-generic
uname -s = Linux
uname -v = #14-Ubuntu SMP Wed Dec 5 09:04:24 UTC 2018

/usr/bin/uname -p = unknown
/bin/uname -X     = unknown

/bin/arch              = unknown
/usr/bin/arch -k       = unknown
/usr/convex/getsysinfo = unknown
/usr/bin/hostinfo      = unknown
/bin/machine           = unknown
/usr/bin/oslevel       = unknown
/bin/universe          = unknown

PATH: /usr/local/sbin
PATH: /usr/local/bin
PATH: /usr/sbin
PATH: /usr/bin
PATH: /sbin
PATH: /bin
PATH: /usr/games
PATH: /usr/local/games
PATH: /snap/bin
PATH: /usr/local/cuda-10.0/bin


## ----------- ##
## Core tests. ##
## ----------- ##

configure:2201: checking for a BSD-compatible install
configure:2269: result: /usr/bin/install -c
configure:2280: checking whether build environment is sane
configure:2335: result: yes
configure:2486: checking for a thread-safe mkdir -p
configure:2525: result: /bin/mkdir -p
configure:2532: checking for gawk
configure:2562: result: no
configure:2532: checking for mawk
configure:2548: found /usr/bin/mawk
configure:2559: result: mawk
configure:2570: checking whether make sets $(MAKE)
configure:2592: result: yes
configure:2621: checking whether make supports nested variables
configure:2638: result: yes
configure:2820: Enabling Performance
configure:2879: checking for gcc
configure:2895: found /usr/bin/gcc
configure:2906: result: gcc
configure:3135: checking for C compiler version
configure:3144: gcc --version >&5
gcc (Ubuntu 7.3.0-29ubuntu1) 7.3.0
Copyright (C) 2017 Free Software Foundation, Inc.
This is free software; see the source for copying conditions.  There is NO
warranty; not even for MERCHANTABILITY or FITNESS FOR A PARTICULAR PURPOSE.

configure:3155: $? = 0
configure:3144: gcc -v >&5
Using built-in specs.
COLLECT_GCC=gcc
COLLECT_LTO_WRAPPER=/usr/lib/gcc/x86_64-linux-gnu/7/lto-wrapper
OFFLOAD_TARGET_NAMES=nvptx-none
OFFLOAD_TARGET_DEFAULT=1
Target: x86_64-linux-gnu
Configured with: ../src/configure -v --with-pkgversion='Ubuntu 7.3.0-29ubuntu1' --with-bugurl=file:///usr/share/doc/gcc-7/README.Bugs --enable-languages=c,ada,c++,go,brig,d,fortran,objc,obj-c++ --prefix=/usr --with-gcc-major-version-only --program-suffix=-7 --program-prefix=x86_64-linux-gnu- --enable-shared --enable-linker-build-id --libexecdir=/usr/lib --without-included-gettext --enable-threads=posix --libdir=/usr/lib --enable-nls --with-sysroot=/ --enable-clocale=gnu --enable-libstdcxx-debug --enable-libstdcxx-time=yes --with-default-libstdcxx-abi=new --enable-gnu-unique-object --disable-vtable-verify --enable-libmpx --enable-plugin --enable-default-pie --with-system-zlib --with-target-system-zlib --enable-objc-gc=auto --enable-multiarch --disable-werror --with-arch-32=i686 --with-abi=m64 --with-multilib-list=m32,m64,mx32 --enable-multilib --with-tune=generic --enable-offload-targets=nvptx-none --without-cuda-driver --enable-checking=release --build=x86_64-linux-gnu --host=x86_64-linux-gnu --target=x86_64-linux-gnu
Thread model: posix
gcc version 7.3.0 (Ubuntu 7.3.0-29ubuntu1) 
configure:3155: $? = 0
configure:3144: gcc -V >&5
gcc: error: unrecognized command line option '-V'
gcc: fatal error: no input files
compilation terminated.
configure:3155: $? = 1
configure:3144: gcc -qversion >&5
gcc: error: unrecognized command line option '-qversion'; did you mean '--version'?
gcc: fatal error: no input files
compilation terminated.
configure:3155: $? = 1
configure:3175: checking whether the C compiler works
configure:3197: gcc -O3 -fexpensive-optimizations -use_fast_math   conftest.c  >&5
configure:3201: $? = 0
configure:3249: result: yes
configure:3252: checking for C compiler default output file name
configure:3254: result: a.out
configure:3260: checking for suffix of executables
configure:3267: gcc -o conftest -O3 -fexpensive-optimizations -use_fast_math   conftest.c  >&5
configure:3271: $? = 0
configure:3293: result: 
configure:3315: checking whether we are cross compiling
configure:3323: gcc -o conftest -O3 -fexpensive-optimizations -use_fast_math   conftest.c  >&5
configure:3327: $? = 0
configure:3334: ./conftest
configure:3338: $? = 0
configure:3353: result: no
configure:3358: checking for suffix of object files
configure:3380: gcc -c -O3 -fexpensive-optimizations -use_fast_math  conftest.c >&5
configure:3384: $? = 0
configure:3405: result: o
configure:3409: checking whether we are using the GNU C compiler
configure:3428: gcc -c -O3 -fexpensive-optimizations -use_fast_math  conftest.c >&5
configure:3428: $? = 0
configure:3437: result: yes
configure:3446: checking whether gcc accepts -g
configure:3466: gcc -c -g  conftest.c >&5
configure:3466: $? = 0
configure:3507: result: yes
configure:3524: checking for gcc option to accept ISO C89
configure:3587: gcc  -c -O3 -fexpensive-optimizations -use_fast_math  conftest.c >&5
configure:3587: $? = 0
configure:3600: result: none needed
configure:3625: checking whether gcc understands -c and -o together
configure:3647: gcc -c conftest.c -o conftest2.o
configure:3650: $? = 0
configure:3647: gcc -c conftest.c -o conftest2.o
configure:3650: $? = 0
configure:3662: result: yes
configure:3682: checking whether make supports the include directive
configure:3697: make -f confmf.GNU && cat confinc.out
this is the am__doit target
configure:3700: $? = 0
configure:3719: result: yes (GNU style)
configure:3744: checking dependency style of gcc
configure:3855: result: gcc3
configure:3874: checking for pow in -lm
configure:3899: gcc -o conftest -O3 -fexpensive-optimizations -use_fast_math   conftest.c -lm   >&5
conftest.c:18:6: warning: conflicting types for built-in function 'pow' [-Wbuiltin-declaration-mismatch]
 char pow ();
      ^~~
configure:3899: $? = 0
configure:3908: result: yes
configure:3926: checking how to run the C preprocessor
configure:3957: gcc -E  conftest.c
configure:3957: $? = 0
configure:3971: gcc -E  conftest.c
conftest.c:12:10: fatal error: ac_nonexistent.h: No such file or directory
 #include <ac_nonexistent.h>
          ^~~~~~~~~~~~~~~~~~
compilation terminated.
configure:3971: $? = 1
configure: failed program was:
| /* confdefs.h */
| #define PACKAGE_NAME "cuRobby"
| #define PACKAGE_TARNAME "curobby"
| #define PACKAGE_VERSION "0.1"
| #define PACKAGE_STRING "cuRobby 0.1"
| #define PACKAGE_BUGREPORT "minterciso@gmail.com"
| #define PACKAGE_URL ""
| #define PACKAGE "curobby"
| #define VERSION "0.1"
| #define HAVE_LIBM 1
| /* end confdefs.h.  */
| #include <ac_nonexistent.h>
configure:3996: result: gcc -E
configure:4016: gcc -E  conftest.c
configure:4016: $? = 0
configure:4030: gcc -E  conftest.c
conftest.c:12:10: fatal error: ac_nonexistent.h: No such file or directory
 #include <ac_nonexistent.h>
          ^~~~~~~~~~~~~~~~~~
compilation terminated.
configure:4030: $? = 1
configure: failed program was:
| /* confdefs.h */
| #define PACKAGE_NAME "cuRobby"
| #define PACKAGE_TARNAME "curobby"
| #define PACKAGE_VERSION "0.1"
| #define PACKAGE_STRING "cuRobby 0.1"
| #define PACKAGE_BUGREPORT "minterciso@gmail.com"
| #define PACKAGE_URL ""
| #define PACKAGE "curobby"
| #define VERSION "0.1"
| #define HAVE_LIBM 1
| /* end confdefs.h.  */
| #include <ac_nonexistent.h>
configure:4059: checking for grep that handles long lines and -e
configure:4117: result: /bin/grep
configure:4122: checking for egrep
configure:4184: result: /bin/grep -E
configure:4189: checking for ANSI C header files
configure:4209: gcc -c -O3 -fexpensive-optimizations -use_fast_math  conftest.c >&5
configure:4209: $? = 0
configure:4282: gcc -o conftest -O3 -fexpensive-optimizations -use_fast_math   conftest.c -lm  >&5
configure:4282: $? = 0
configure:4282: ./conftest
configure:4282: $? = 0
configure:4293: result: yes
configure:4306: checking for sys/types.h
configure:4306: gcc -c -O3 -fexpensive-optimizations -use_fast_math  conftest.c >&5
configure:4306: $? = 0
configure:4306: result: yes
configure:4306: checking for sys/stat.h
configure:4306: gcc -c -O3 -fexpensive-optimizations -use_fast_math  conftest.c >&5
configure:4306: $? = 0
configure:4306: result: yes
configure:4306: checking for stdlib.h
configure:4306: gcc -c -O3 -fexpensive-optimizations -use_fast_math  conftest.c >&5
configure:4306: $? = 0
configure:4306: result: yes
configure:4306: checking for string.h
configure:4306: gcc -c -O3 -fexpensive-optimizations -use_fast_math  conftest.c >&5
configure:4306: $? = 0
configure:4306: result: yes
configure:4306: checking for memory.h
configure:4306: gcc -c -O3 -fexpensive-optimizations -use_fast_math  conftest.c >&5
configure:4306: $? = 0
configure:4306: result: yes
configure:4306: checking for strings.h
configure:4306: gcc -c -O3 -fexpensive-optimizations -use_fast_math  conftest.c >&5
configure:4306: $? = 0
configure:4306: result: yes
configure:4306: checking for inttypes.h
configure:4306: gcc -c -O3 -fexpensive-optimizations -use_fast_math  conftest.c >&5
configure:4306: $? = 0
configure:4306: result: yes
configure:4306: checking for stdint.h
configure:4306: gcc -c -O3 -fexpensive-optimizations -use_fast_math  conftest.c >&5
configure:4306: $? = 0
configure:4306: result: yes
configure:4306: checking for unistd.h
configure:4306: gcc -c -O3 -fexpensive-optimizations -use_fast_math  conftest.c >&5
configure:4306: $? = 0
configure:4306: result: yes
configure:4321: checking limits.h usability
configure:4321: gcc -c -O3 -fexpensive-optimizations -use_fast_math  conftest.c >&5
configure:4321: $? = 0
configure:4321: result: yes
configure:4321: checking limits.h presence
configure:4321: gcc -E  conftest.c
configure:4321: $? = 0
configure:4321: result: yes
configure:4321: checking for limits.h
configure:4321: result: yes
configure:4321: checking for stdlib.h
configure:4321: result: yes
configure:4321: checking for string.h
configure:4321: result: yes
configure:4321: checking math.h usability
configure:4321: gcc -c -O3 -fexpensive-optimizations -use_fast_math  conftest.c >&5
configure:4321: $? = 0
configure:4321: result: yes
configure:4321: checking math.h presence
configure:4321: gcc -E  conftest.c
configure:4321: $? = 0
configure:4321: result: yes
configure:4321: checking for math.h
configure:4321: result: yes
configure:4321: checking /usr/local/cuda//include/cuda.h usability
configure:4321: gcc -c -O3 -fexpensive-optimizations -use_fast_math  conftest.c >&5
configure:4321: $? = 0
configure:4321: result: yes
configure:4321: checking /usr/local/cuda//include/cuda.h presence
configure:4321: gcc -E  conftest.c
configure:4321: $? = 0
configure:4321: result: yes
configure:4321: checking for /usr/local/cuda//include/cuda.h
configure:4321: result: yes
configure:4333: checking for size_t
configure:4333: gcc -c -O3 -fexpensive-optimizations -use_fast_math  conftest.c >&5
configure:4333: $? = 0
configure:4333: gcc -c -O3 -fexpensive-optimizations -use_fast_math  conftest.c >&5
conftest.c: In function 'main':
conftest.c:63:21: error: expected expression before ')' token
 if (sizeof ((size_t)))
                     ^
configure:4333: $? = 1
configure: failed program was:
| /* confdefs.h */
| #define PACKAGE_NAME "cuRobby"
| #define PACKAGE_TARNAME "curobby"
| #define PACKAGE_VERSION "0.1"
| #define PACKAGE_STRING "cuRobby 0.1"
| #define PACKAGE_BUGREPORT "minterciso@gmail.com"
| #define PACKAGE_URL ""
| #define PACKAGE "curobby"
| #define VERSION "0.1"
| #define HAVE_LIBM 1
| #define STDC_HEADERS 1
| #define HAVE_SYS_TYPES_H 1
| #define HAVE_SYS_STAT_H 1
| #define HAVE_STDLIB_H 1
| #define HAVE_STRING_H 1
| #define HAVE_MEMORY_H 1
| #define HAVE_STRINGS_H 1
| #define HAVE_INTTYPES_H 1
| #define HAVE_STDINT_H 1
| #define HAVE_UNISTD_H 1
| #define HAVE_LIMITS_H 1
| #define HAVE_STDLIB_H 1
| #define HAVE_STRING_H 1
| #define HAVE_MATH_H 1
| #define HAVE__USR_LOCAL_CUDA__INCLUDE_CUDA_H 1
| /* end confdefs.h.  */
| #include <stdio.h>
| #ifdef HAVE_SYS_TYPES_H
| # include <sys/types.h>
| #endif
| #ifdef HAVE_SYS_STAT_H
| # include <sys/stat.h>
| #endif
| #ifdef STDC_HEADERS
| # include <stdlib.h>
| # include <stddef.h>
| #else
| # ifdef HAVE_STDLIB_H
| #  include <stdlib.h>
| # endif
| #endif
| #ifdef HAVE_STRING_H
| # if !defined STDC_HEADERS && defined HAVE_MEMORY_H
| #  include <memory.h>
| # endif
| # include <string.h>
| #endif
| #ifdef HAVE_STRINGS_H
| # include <strings.h>
| #endif
| #ifdef HAVE_INTTYPES_H
| # include <inttypes.h>
| #endif
| #ifdef HAVE_STDINT_H
| # include <stdint.h>
| #endif
| #ifdef HAVE_UNISTD_H
| # include <unistd.h>
| #endif
| int
| main ()
| {
| if (sizeof ((size_t)))
| 	    return 0;
|   ;
|   return 0;
| }
configure:4333: result: yes
configure:4346: checking for cos in -lm
configure:4371: gcc -o conftest -O3 -fexpensive-optimizations -use_fast_math   conftest.c -lm  -lm  >&5
conftest.c:34:6: warning: conflicting types for built-in function 'cos' [-Wbuiltin-declaration-mismatch]
 char cos ();
      ^~~
configure:4371: $? = 0
configure:4380: result: yes
configure:4391: checking for cblas_dgemm in -lgslcblas
configure:4416: gcc -o conftest -O3 -fexpensive-optimizations -use_fast_math   conftest.c -lgslcblas  -lm -lm  >&5
configure:4416: $? = 0
configure:4425: result: yes
configure:4436: checking for gsl_blas_dgemm in -lgsl
configure:4461: gcc -o conftest -O3 -fexpensive-optimizations -use_fast_math   conftest.c -lgsl  -lgslcblas -lm -lm  >&5
configure:4461: $? = 0
configure:4470: result: yes
configure:4595: checking that generated files are newer than configure
configure:4601: result: done
configure:4624: creating ./config.status

## ---------------------- ##
## Running config.status. ##
## ---------------------- ##

This file was extended by cuRobby config.status 0.1, which was
generated by GNU Autoconf 2.69.  Invocation command line was

  CONFIG_FILES    = 
  CONFIG_HEADERS  = 
  CONFIG_LINKS    = 
  CONFIG_COMMANDS = 
  $ ./config.status 

on yogi

config.status:869: creating Makefile
config.status:869: creating src/Makefile
config.status:869: creating config.h
config.status:1098: executing depfiles commands
config.status:1175: cd src       && sed -e '/# am--include-marker/d' Makefile         | make -f - am--depfiles
make: Nothing to be done for 'am--depfiles'.
config.status:1180: $? = 0

## ---------------- ##
## Cache variables. ##
## ---------------- ##

ac_cv_c_compiler_gnu=yes
ac_cv_env_CC_set=
ac_cv_env_CC_value=
ac_cv_env_CFLAGS_set=
ac_cv_env_CFLAGS_value=
ac_cv_env_CPPFLAGS_set=
ac_cv_env_CPPFLAGS_value=
ac_cv_env_CPP_set=
ac_cv_env_CPP_value=
ac_cv_env_LDFLAGS_set=
ac_cv_env_LDFLAGS_value=
ac_cv_env_LIBS_set=
ac_cv_env_LIBS_value=
ac_cv_env_build_alias_set=
ac_cv_env_build_alias_value=
ac_cv_env_host_alias_set=
ac_cv_env_host_alias_value=
ac_cv_env_target_alias_set=
ac_cv_env_target_alias_value=
ac_cv_header__usr_local_cuda__include_cuda_h=yes
ac_cv_header_inttypes_h=yes
ac_cv_header_limits_h=yes
ac_cv_header_math_h=yes
ac_cv_header_memory_h=yes
ac_cv_header_stdc=yes
ac_cv_header_stdint_h=yes
ac_cv_header_stdlib_h=yes
ac_cv_header_string_h=yes
ac_cv_header_strings_h=yes
ac_cv_header_sys_stat_h=yes
ac_cv_header_sys_types_h=yes
ac_cv_header_unistd_h=yes
ac_cv_lib_gsl_gsl_blas_dgemm=yes
ac_cv_lib_gslcblas_cblas_dgemm=yes
ac_cv_lib_m_cos=yes
ac_cv_lib_m_pow=yes
ac_cv_objext=o
ac_cv_path_EGREP='/bin/grep -E'
ac_cv_path_GREP=/bin/grep
ac_cv_path_install='/usr/bin/install -c'
ac_cv_path_mkdir=/bin/mkdir
ac_cv_prog_AWK=mawk
ac_cv_prog_CPP='gcc -E'
ac_cv_prog_ac_ct_CC=gcc
ac_cv_prog_cc_c89=
ac_cv_prog_cc_g=yes
ac_cv_prog_make_make_set=yes
ac_cv_type_size_t=yes
am_cv_CC_dependencies_compiler_type=gcc3
am_cv_make_support_nested_variables=yes
am_cv_prog_cc_c_o=yes

## ----------------- ##
## Output variables. ##
## ----------------- ##

ACLOCAL='${SHELL} /home/minterciso/Programacao/cuda/cuRobby/missing aclocal-1.16'
AMDEPBACKSLASH='\'
AMDEP_FALSE='#'
AMDEP_TRUE=''
AMTAR='$${TAR-tar}'
AM_BACKSLASH='\'
AM_DEFAULT_V='$(AM_DEFAULT_VERBOSITY)'
AM_DEFAULT_VERBOSITY='1'
AM_V='$(V)'
AUTOCONF='${SHELL} /home/minterciso/Programacao/cuda/cuRobby/missing autoconf'
AUTOHEADER='${SHELL} /home/minterciso/Programacao/cuda/cuRobby/missing autoheader'
AUTOMAKE='${SHELL} /home/minterciso/Programacao/cuda/cuRobby/missing automake-1.16'
AWK='mawk'
CC='gcc'
CCDEPMODE='depmode=gcc3'
CFLAGS='-O3 -fexpensive-optimizations -use_fast_math'
CPP='gcc -E'
CPPFLAGS=''
CUDA_CFLAGS='-I/usr/local/cuda/include'
CUDA_LIBS='-L/usr/local/cuda/lib64 -lcudart'
CUDA_PATH='/usr/local/cuda/'
CYGPATH_W='echo'
DEFS='-DHAVE_CONFIG_H'
DEPDIR='.deps'
ECHO_C=''
ECHO_N='-n'
ECHO_T=''
EGREP='/bin/grep -E'
EXEEXT=''
GREP='/bin/grep'
INSTALL_DATA='${INSTALL} -m 644'
INSTALL_PROGRAM='${INSTALL}'
INSTALL_SCRIPT='${INSTALL}'
INSTALL_STRIP_PROGRAM='$(install_sh) -c -s'
LDFLAGS=''
LIBOBJS=''
LIBS='-lgsl -lgslcblas -lm -lm '
LTLIBOBJS=''
MAKEINFO='${SHELL} /home/minterciso/Programacao/cuda/cuRobby/missing makeinfo'
MKDIR_P='/bin/mkdir -p'
NVCC='nvcc'
NVCCFLAGS='-O3 -use_fast_math'
NVCC_CFLAGS='-O3 -use_fast_math'
OBJEXT='o'
PACKAGE='curobby'
PACKAGE_BUGREPORT='minterciso@gmail.com'
PACKAGE_NAME='cuRobby'
PACKAGE_STRING='cuRobby 0.1'
PACKAGE_TARNAME='curobby'
PACKAGE_URL=''
PACKAGE_VERSION='0.1'
PATH_SEPARATOR=':'
SET_MAKE=''
SHELL='/bin/bash'
STRIP=''
VERSION='0.1'
ac_ct_CC='gcc'
am__EXEEXT_FALSE=''
am__EXEEXT_TRUE='#'
am__fastdepCC_FALSE='#'
am__fastdepCC_TRUE=''
am__include='include'
am__isrc=''
am__leading_dot='.'
am__nodep='_no'
am__quote=''
am__tar='$${TAR-tar} chof - "$$tardir"'
am__untar='$${TAR-tar} xf -'
bindir='${exec_prefix}/bin'
build_alias=''
datadir='${datarootdir}'
datarootdir='${prefix}/share'
docdir='${datarootdir}/doc/${PACKAGE_TARNAME}'
dvidir='${docdir}'
exec_prefix='${prefix}'
host_alias=''
htmldir='${docdir}'
includedir='${prefix}/include'
infodir='${datarootdir}/info'
install_sh='${SHELL} /home/minterciso/Programacao/cuda/cuRobby/install-sh'
libdir='${exec_prefix}/lib'
libexecdir='${exec_prefix}/libexec'
localedir='${datarootdir}/locale'
localstatedir='${prefix}/var'
mandir='${datarootdir}/man'
mkdir_p='$(MKDIR_P)'
oldincludedir='/usr/include'
pdfdir='${docdir}'
prefix='/usr/local'
program_transform_name='s,x,x,'
psdir='${docdir}'
runstatedir='${localstatedir}/run'
sbindir='${exec_prefix}/sbin'
sharedstatedir='${prefix}/com'
sysconfdir='${prefix}/etc'
target_alias=''

## ----------- ##
## confdefs.h. ##
## ----------- ##

/* confdefs.h */
#define PACKAGE_NAME "cuRobby"
#define PACKAGE_TARNAME "curobby"
#define PACKAGE_VERSION "0.1"
#define PACKAGE_STRING "cuRobby 0.1"
#define PACKAGE_BUGREPORT "minterciso@gmail.com"
#define PACKAGE_URL ""
#define PACKAGE "curobby"
#define VERSION "0.1"
#define HAVE_LIBM 1
#define STDC_HEADERS 1
#define HAVE_SYS_TYPES_H 1
#define HAVE_SYS_STAT_H 1
#define HAVE_STDLIB_H 1
#define HAVE_STRING_H 1
#define HAVE_MEMORY_H 1
#define HAVE_STRINGS_H 1
#define HAVE_INTTYPES_H 1
#define HAVE_STDINT_H 1
#define HAVE_UNISTD_H 1
#define HAVE_LIMITS_H 1
#define HAVE_STDLIB_H 1
#define HAVE_STRING_H 1
#define HAVE_MATH_H 1
#define HAVE__USR_LOCAL_CUDA__INCLUDE_CUDA_H 1
#define HAVE_LIBM 1
#define HAVE_LIBGSLCBLAS 1
#define HAVE_LIBGSL 1

configure: exit 0
